<?xml version="1.0" encoding="UTF-8" ?>
<testsuite failures="0" time="0.007" errors="0" skipped="0" tests="7" name="thoughtworks.main.UniDirectionalGraphTest">
  <properties>
[...]
</properties>
  <testcase time="0.001" classname="thoughtworks.main.UniDirectionalGraphTest" name="numberOfTripsShouldBeCalculated"/>
  <testcase time="0" classname="thoughtworks.main.UniDirectionalGraphTest" name="distanceOfRouteShouldBeCalculated"/>
  <testcase time="0.004" classname="thoughtworks.main.UniDirectionalGraphTest" name="uniDirectionalGraphAddNodesShouldBeSuccessful"/>
  <testcase time="0" classname="thoughtworks.main.UniDirectionalGraphTest" name="lengthOfTheShortestRouteShouldBeCalculated"/>
  <testcase time="0" classname="thoughtworks.main.UniDirectionalGraphTest" name="numberOfDifferentRoutesShouldBeCalculated"/>
  <testcase time="0" classname="thoughtworks.main.UniDirectionalGraphTest" name="uniDirectionalGraphShouldBeInstalledSuccessfully"/>
  <testcase time="0" classname="thoughtworks.main.UniDirectionalGraphTest" name="uniDirectionalNodeAddNodeShouldBeSuccessful"/>
</testsuite>